#
# An unexpected error has occurred (6) Aborted
#
Stack:
/lib/x86_64-linux-gnu/libc.so.6(+0x45330) [0x7fda8ac45330]
/lib/x86_64-linux-gnu/libc.so.6(pthread_kill+0x11c) [0x7fda8ac9eb2c]
/lib/x86_64-linux-gnu/libc.so.6(gsignal+0x1e) [0x7fda8ac4527e]
/lib/x86_64-linux-gnu/libc.so.6(abort+0xdf) [0x7fda8ac288ff]
/home/luyoung/2025.2/Vivado/lib/lnx64.o/Ubuntu/24/libstdc++.so.6(+0xa5ff5) [0x7fda8b4a5ff5]
/home/luyoung/2025.2/Vivado/lib/lnx64.o/Ubuntu/24/libstdc++.so.6(+0xbb0da) [0x7fda8b4bb0da]
/home/luyoung/2025.2/Vivado/lib/lnx64.o/Ubuntu/24/libstdc++.so.6(_ZSt10unexpectedv+0) [0x7fda8b4a5a55]
/home/luyoung/2025.2/Vivado/lib/lnx64.o/libxv_common.so(hdi::tcltasks::detail::collection_wrapper_base::~collection_wrapper_base()+0x27f) [0x7fda961ff6f5]
/home/luyoung/2025.2/Vivado/lib/lnx64.o/libxv_common.so(+0x7118d5) [0x7fda963118d5]
/home/luyoung/2025.2/Vivado/lib/lnx64.o/libxv_common.so(hdi::tcltasks::detail::collection_wrapper_base::decr_ref() const+0x27) [0x7fda961fc7db]
/home/luyoung/2025.2/Vivado/lib/lnx64.o/libxv_tcltasks.so(+0x1109c78) [0x7fda84709c78]
/home/luyoung/2025.2/Vivado/lib/lnx64.o/libxv_tcltasks.so(+0x1104212) [0x7fda84704212]
/home/luyoung/2025.2/Vivado/lib/lnx64.o/libxv_tcltasks.so(+0x1104261) [0x7fda84704261]
/home/luyoung/2025.2/Vivado/lib/lnx64.o/libboost_program_options.so.1.72.0(boost::program_options::option_description::~option_description()+0xd1) [0x7fda96e6fbe1]
/home/luyoung/2025.2/Vivado/lib/lnx64.o/libboost_program_options.so.1.72.0(boost::program_options::option_description::~option_description()+0x11) [0x7fda96e6fc31]
/home/luyoung/2025.2/Vivado/lib/lnx64.o/libxv_common.so(boost::detail::sp_counted_impl_p<boost::program_options::option_description>::dispose()+0x13) [0x7fda964f3d3b]
/home/luyoung/2025.2/Vivado/lib/lnx64.o/libxv_common.so(+0x42fc24) [0x7fda9602fc24]
/home/luyoung/2025.2/Vivado/lib/lnx64.o/libxv_common.so(hdi::tcltasks::options_description::~options_description()+0xe1) [0x7fda965a9bb3]
/lib/x86_64-linux-gnu/libc.so.6(+0x47a76) [0x7fda8ac47a76]
/lib/x86_64-linux-gnu/libc.so.6(+0x47bbe) [0x7fda8ac47bbe]
/home/luyoung/2025.2/Vivado/tps/lnx64/jre21.0.5_11/lib//server/libjvm.so(+0xd12f09) [0x7fda49b12f09]
/home/luyoung/2025.2/Vivado/tps/lnx64/jre21.0.5_11/lib//server/libjvm.so(+0x91064f) [0x7fda4971064f]
/home/luyoung/2025.2/Vivado/tps/lnx64/jre21.0.5_11/lib//server/libjvm.so(+0x1012267) [0x7fda49e12267]
/home/luyoung/2025.2/Vivado/tps/lnx64/jre21.0.5_11/lib//server/libjvm.so(+0x10156df) [0x7fda49e156df]
/home/luyoung/2025.2/Vivado/tps/lnx64/jre21.0.5_11/lib//server/libjvm.so(+0x1016467) [0x7fda49e16467]
/home/luyoung/2025.2/Vivado/tps/lnx64/jre21.0.5_11/lib//server/libjvm.so(+0x1016767) [0x7fda49e16767]
/home/luyoung/2025.2/Vivado/tps/lnx64/jre21.0.5_11/lib//server/libjvm.so(+0xf7eeb8) [0x7fda49d7eeb8]
/home/luyoung/2025.2/Vivado/tps/lnx64/jre21.0.5_11/lib//server/libjvm.so(+0xd08a8a) [0x7fda49b08a8a]
/lib/x86_64-linux-gnu/libc.so.6(+0x9caa4) [0x7fda8ac9caa4]
/lib/x86_64-linux-gnu/libc.so.6(+0x129c6c) [0x7fda8ad29c6c]
